2018/08/09 01:08:24 starting go echo service
2018/08/09 01:08:24 SAM Bridge connection established.
2018/08/09 01:08:24 Destination keys generated, tunnel name: collude-whWE
2018/08/09 01:08:24 Colluder configured on: tfsqszbqotdy4tm336nwxwl2oqcdi56ewtoesjdsfd6tmjaafr6q.b32.i2p
2018/08/09 01:08:44 SAM stream session established.
2018/08/09 01:08:44 Starting Listener.
2018/08/09 01:08:44 SAM Listener created, tfsqszbqotdy4tm336nwxwl2oqcdi56ewtoesjdsfd6tmjaafr6q.b32.i2p
2018/08/09 01:09:45 Accepted connection &{ItzA4tfe9RwoGGU5mjCdYI2iMDqP02aPM4btv5t9Cr0JqvviwrfbKnQVFWJiPTJVe6Q3kn7HeBVsQWQXEEzbOfXsbocYUd8GEIY7PifmwmgPdDfyW6GSsxkLXvA9J48nAwmpqGywJTGxeqJnCiCBudqJl5CHZ9fdAGCvt-V~6MYarvtz8fUJWh2YpSR6gAjZIdUX75DjGPERnGV5HcOpaScBE~CXNcgq6l3G1Skznw8Z4SNdhidHBOi1WSlZMHUvkqtMp4KhUiiTKs~iNJf-1MP3jya4gLN1eIKbsQXJcdmBENHGVTuQns151wWXy4a87Ozghwfrbmldo-1hCdd1bliwm02DY9hUOqK4X7WmxeMvaprijFPQDGRelAnhCsYzfVsUnsDCdr2q~3Mq4yFMTZyoC-pJgvq1rcoZ4fFongTSAlmUYDsMe0qL306VNexgw0r37rtIK~jLiyXTGAFFP10QfXKUSxDxokGuT5m7QTXyryaoSCuJx~uPCZBAluGLAAAA HTjQyvcF84-vMT-Q5k51Z9zd3UFI5FjbsiDPjfaQH9karft-PYg1epJbc3vRiKiucqDZTMC7BbJAUH2kMmbgFYLCRZAAO5S9KaSKsIiCrimq3wvg4KXIOcLJtIz4j7hEWGMNGCMhPJ2IBPIQBhoT1aiF5-jLsF7KXofB2ueq690sExhE1Yke1ZYedOr79th8zvEYp5QZBZfSDA~pQtYyENgjEFBocfjed-ZPdsOO-s~pnPiaL0ZMVxLnaYpBrBZcZjzc~iUOsVZKjDQS9yt-3wW0u8sRkwbgrH9N7FwznjKl177LXMjp6GhFeRgzYVrKRd8UexFlpuV~65Dn5ZUapYtNSw5zsdY1i-aVXX2-Ou2WuzG5k0YOfBd7K8DZV0GXTxtPkm9my21RFnBCVFiZqGdp8wJW-qzW-FqqjuzwwtkNgTxusnpzdgfxWkcob9Jvwg9b6DNWphvtiMduj5YZWVREQrENDjo6LbVWXJYzKwrBQ6dkguxQMAsqpqHSpHkNAAAA 0xc420126010}
2018/08/09 01:09:45 Connected to localhost &{ItzA4tfe9RwoGGU5mjCdYI2iMDqP02aPM4btv5t9Cr0JqvviwrfbKnQVFWJiPTJVe6Q3kn7HeBVsQWQXEEzbOfXsbocYUd8GEIY7PifmwmgPdDfyW6GSsxkLXvA9J48nAwmpqGywJTGxeqJnCiCBudqJl5CHZ9fdAGCvt-V~6MYarvtz8fUJWh2YpSR6gAjZIdUX75DjGPERnGV5HcOpaScBE~CXNcgq6l3G1Skznw8Z4SNdhidHBOi1WSlZMHUvkqtMp4KhUiiTKs~iNJf-1MP3jya4gLN1eIKbsQXJcdmBENHGVTuQns151wWXy4a87Ozghwfrbmldo-1hCdd1bliwm02DY9hUOqK4X7WmxeMvaprijFPQDGRelAnhCsYzfVsUnsDCdr2q~3Mq4yFMTZyoC-pJgvq1rcoZ4fFongTSAlmUYDsMe0qL306VNexgw0r37rtIK~jLiyXTGAFFP10QfXKUSxDxokGuT5m7QTXyryaoSCuJx~uPCZBAluGLAAAA HTjQyvcF84-vMT-Q5k51Z9zd3UFI5FjbsiDPjfaQH9karft-PYg1epJbc3vRiKiucqDZTMC7BbJAUH2kMmbgFYLCRZAAO5S9KaSKsIiCrimq3wvg4KXIOcLJtIz4j7hEWGMNGCMhPJ2IBPIQBhoT1aiF5-jLsF7KXofB2ueq690sExhE1Yke1ZYedOr79th8zvEYp5QZBZfSDA~pQtYyENgjEFBocfjed-ZPdsOO-s~pnPiaL0ZMVxLnaYpBrBZcZjzc~iUOsVZKjDQS9yt-3wW0u8sRkwbgrH9N7FwznjKl177LXMjp6GhFeRgzYVrKRd8UexFlpuV~65Dn5ZUapYtNSw5zsdY1i-aVXX2-Ou2WuzG5k0YOfBd7K8DZV0GXTxtPkm9my21RFnBCVFiZqGdp8wJW-qzW-FqqjuzwwtkNgTxusnpzdgfxWkcob9Jvwg9b6DNWphvtiMduj5YZWVREQrENDjo6LbVWXJYzKwrBQ6dkguxQMAsqpqHSpHkNAAAA 0xc420126010}
2018/08/09 01:09:45 the echo service is responding to a request on: tfsqszbqotdy4tm336nwxwl2oqcdi56ewtoesjdsfd6tmjaafr6q.b32.i2p
2018/08/09 01:09:45 Accept-Encoding [gzip, deflate]
2018/08/09 01:09:45 Connection [close]
2018/08/09 01:09:45 Upgrade-Insecure-Requests [1]
2018/08/09 01:09:45 User-Agent [MYOB/6.66 (AN/ON)]
2018/08/09 01:25:13 Accepted connection &{ItzA4tfe9RwoGGU5mjCdYI2iMDqP02aPM4btv5t9Cr0JqvviwrfbKnQVFWJiPTJVe6Q3kn7HeBVsQWQXEEzbOfXsbocYUd8GEIY7PifmwmgPdDfyW6GSsxkLXvA9J48nAwmpqGywJTGxeqJnCiCBudqJl5CHZ9fdAGCvt-V~6MYarvtz8fUJWh2YpSR6gAjZIdUX75DjGPERnGV5HcOpaScBE~CXNcgq6l3G1Skznw8Z4SNdhidHBOi1WSlZMHUvkqtMp4KhUiiTKs~iNJf-1MP3jya4gLN1eIKbsQXJcdmBENHGVTuQns151wWXy4a87Ozghwfrbmldo-1hCdd1bliwm02DY9hUOqK4X7WmxeMvaprijFPQDGRelAnhCsYzfVsUnsDCdr2q~3Mq4yFMTZyoC-pJgvq1rcoZ4fFongTSAlmUYDsMe0qL306VNexgw0r37rtIK~jLiyXTGAFFP10QfXKUSxDxokGuT5m7QTXyryaoSCuJx~uPCZBAluGLAAAA HTjQyvcF84-vMT-Q5k51Z9zd3UFI5FjbsiDPjfaQH9karft-PYg1epJbc3vRiKiucqDZTMC7BbJAUH2kMmbgFYLCRZAAO5S9KaSKsIiCrimq3wvg4KXIOcLJtIz4j7hEWGMNGCMhPJ2IBPIQBhoT1aiF5-jLsF7KXofB2ueq690sExhE1Yke1ZYedOr79th8zvEYp5QZBZfSDA~pQtYyENgjEFBocfjed-ZPdsOO-s~pnPiaL0ZMVxLnaYpBrBZcZjzc~iUOsVZKjDQS9yt-3wW0u8sRkwbgrH9N7FwznjKl177LXMjp6GhFeRgzYVrKRd8UexFlpuV~65Dn5ZUapYtNSw5zsdY1i-aVXX2-Ou2WuzG5k0YOfBd7K8DZV0GXTxtPkm9my21RFnBCVFiZqGdp8wJW-qzW-FqqjuzwwtkNgTxusnpzdgfxWkcob9Jvwg9b6DNWphvtiMduj5YZWVREQrENDjo6LbVWXJYzKwrBQ6dkguxQMAsqpqHSpHkNAAAA 0xc4201e8010}
2018/08/09 01:25:13 Connected to localhost &{ItzA4tfe9RwoGGU5mjCdYI2iMDqP02aPM4btv5t9Cr0JqvviwrfbKnQVFWJiPTJVe6Q3kn7HeBVsQWQXEEzbOfXsbocYUd8GEIY7PifmwmgPdDfyW6GSsxkLXvA9J48nAwmpqGywJTGxeqJnCiCBudqJl5CHZ9fdAGCvt-V~6MYarvtz8fUJWh2YpSR6gAjZIdUX75DjGPERnGV5HcOpaScBE~CXNcgq6l3G1Skznw8Z4SNdhidHBOi1WSlZMHUvkqtMp4KhUiiTKs~iNJf-1MP3jya4gLN1eIKbsQXJcdmBENHGVTuQns151wWXy4a87Ozghwfrbmldo-1hCdd1bliwm02DY9hUOqK4X7WmxeMvaprijFPQDGRelAnhCsYzfVsUnsDCdr2q~3Mq4yFMTZyoC-pJgvq1rcoZ4fFongTSAlmUYDsMe0qL306VNexgw0r37rtIK~jLiyXTGAFFP10QfXKUSxDxokGuT5m7QTXyryaoSCuJx~uPCZBAluGLAAAA HTjQyvcF84-vMT-Q5k51Z9zd3UFI5FjbsiDPjfaQH9karft-PYg1epJbc3vRiKiucqDZTMC7BbJAUH2kMmbgFYLCRZAAO5S9KaSKsIiCrimq3wvg4KXIOcLJtIz4j7hEWGMNGCMhPJ2IBPIQBhoT1aiF5-jLsF7KXofB2ueq690sExhE1Yke1ZYedOr79th8zvEYp5QZBZfSDA~pQtYyENgjEFBocfjed-ZPdsOO-s~pnPiaL0ZMVxLnaYpBrBZcZjzc~iUOsVZKjDQS9yt-3wW0u8sRkwbgrH9N7FwznjKl177LXMjp6GhFeRgzYVrKRd8UexFlpuV~65Dn5ZUapYtNSw5zsdY1i-aVXX2-Ou2WuzG5k0YOfBd7K8DZV0GXTxtPkm9my21RFnBCVFiZqGdp8wJW-qzW-FqqjuzwwtkNgTxusnpzdgfxWkcob9Jvwg9b6DNWphvtiMduj5YZWVREQrENDjo6LbVWXJYzKwrBQ6dkguxQMAsqpqHSpHkNAAAA 0xc4201e8010}
2018/08/09 01:25:13 the echo service is responding to a request on: tfsqszbqotdy4tm336nwxwl2oqcdi56ewtoesjdsfd6tmjaafr6q.b32.i2p
2018/08/09 01:25:13 Upgrade-Insecure-Requests [1]
2018/08/09 01:25:13 User-Agent [MYOB/6.66 (AN/ON)]
2018/08/09 01:25:13 Accept-Encoding [gzip, deflate]
2018/08/09 01:25:13 Connection [close]
2018/08/09 01:44:46 Accepted connection &{ItzA4tfe9RwoGGU5mjCdYI2iMDqP02aPM4btv5t9Cr0JqvviwrfbKnQVFWJiPTJVe6Q3kn7HeBVsQWQXEEzbOfXsbocYUd8GEIY7PifmwmgPdDfyW6GSsxkLXvA9J48nAwmpqGywJTGxeqJnCiCBudqJl5CHZ9fdAGCvt-V~6MYarvtz8fUJWh2YpSR6gAjZIdUX75DjGPERnGV5HcOpaScBE~CXNcgq6l3G1Skznw8Z4SNdhidHBOi1WSlZMHUvkqtMp4KhUiiTKs~iNJf-1MP3jya4gLN1eIKbsQXJcdmBENHGVTuQns151wWXy4a87Ozghwfrbmldo-1hCdd1bliwm02DY9hUOqK4X7WmxeMvaprijFPQDGRelAnhCsYzfVsUnsDCdr2q~3Mq4yFMTZyoC-pJgvq1rcoZ4fFongTSAlmUYDsMe0qL306VNexgw0r37rtIK~jLiyXTGAFFP10QfXKUSxDxokGuT5m7QTXyryaoSCuJx~uPCZBAluGLAAAA HTjQyvcF84-vMT-Q5k51Z9zd3UFI5FjbsiDPjfaQH9karft-PYg1epJbc3vRiKiucqDZTMC7BbJAUH2kMmbgFYLCRZAAO5S9KaSKsIiCrimq3wvg4KXIOcLJtIz4j7hEWGMNGCMhPJ2IBPIQBhoT1aiF5-jLsF7KXofB2ueq690sExhE1Yke1ZYedOr79th8zvEYp5QZBZfSDA~pQtYyENgjEFBocfjed-ZPdsOO-s~pnPiaL0ZMVxLnaYpBrBZcZjzc~iUOsVZKjDQS9yt-3wW0u8sRkwbgrH9N7FwznjKl177LXMjp6GhFeRgzYVrKRd8UexFlpuV~65Dn5ZUapYtNSw5zsdY1i-aVXX2-Ou2WuzG5k0YOfBd7K8DZV0GXTxtPkm9my21RFnBCVFiZqGdp8wJW-qzW-FqqjuzwwtkNgTxusnpzdgfxWkcob9Jvwg9b6DNWphvtiMduj5YZWVREQrENDjo6LbVWXJYzKwrBQ6dkguxQMAsqpqHSpHkNAAAA 0xc42016a038}
2018/08/09 01:44:46 Connected to localhost &{ItzA4tfe9RwoGGU5mjCdYI2iMDqP02aPM4btv5t9Cr0JqvviwrfbKnQVFWJiPTJVe6Q3kn7HeBVsQWQXEEzbOfXsbocYUd8GEIY7PifmwmgPdDfyW6GSsxkLXvA9J48nAwmpqGywJTGxeqJnCiCBudqJl5CHZ9fdAGCvt-V~6MYarvtz8fUJWh2YpSR6gAjZIdUX75DjGPERnGV5HcOpaScBE~CXNcgq6l3G1Skznw8Z4SNdhidHBOi1WSlZMHUvkqtMp4KhUiiTKs~iNJf-1MP3jya4gLN1eIKbsQXJcdmBENHGVTuQns151wWXy4a87Ozghwfrbmldo-1hCdd1bliwm02DY9hUOqK4X7WmxeMvaprijFPQDGRelAnhCsYzfVsUnsDCdr2q~3Mq4yFMTZyoC-pJgvq1rcoZ4fFongTSAlmUYDsMe0qL306VNexgw0r37rtIK~jLiyXTGAFFP10QfXKUSxDxokGuT5m7QTXyryaoSCuJx~uPCZBAluGLAAAA HTjQyvcF84-vMT-Q5k51Z9zd3UFI5FjbsiDPjfaQH9karft-PYg1epJbc3vRiKiucqDZTMC7BbJAUH2kMmbgFYLCRZAAO5S9KaSKsIiCrimq3wvg4KXIOcLJtIz4j7hEWGMNGCMhPJ2IBPIQBhoT1aiF5-jLsF7KXofB2ueq690sExhE1Yke1ZYedOr79th8zvEYp5QZBZfSDA~pQtYyENgjEFBocfjed-ZPdsOO-s~pnPiaL0ZMVxLnaYpBrBZcZjzc~iUOsVZKjDQS9yt-3wW0u8sRkwbgrH9N7FwznjKl177LXMjp6GhFeRgzYVrKRd8UexFlpuV~65Dn5ZUapYtNSw5zsdY1i-aVXX2-Ou2WuzG5k0YOfBd7K8DZV0GXTxtPkm9my21RFnBCVFiZqGdp8wJW-qzW-FqqjuzwwtkNgTxusnpzdgfxWkcob9Jvwg9b6DNWphvtiMduj5YZWVREQrENDjo6LbVWXJYzKwrBQ6dkguxQMAsqpqHSpHkNAAAA 0xc42016a038}
2018/08/09 01:44:46 the echo service is responding to a request on: tfsqszbqotdy4tm336nwxwl2oqcdi56ewtoesjdsfd6tmjaafr6q.b32.i2p
2018/08/09 01:44:46 Upgrade-Insecure-Requests [1]
2018/08/09 01:44:46 User-Agent [MYOB/6.66 (AN/ON)]
2018/08/09 01:44:46 Accept-Encoding [gzip, deflate]
2018/08/09 01:44:46 Connection [close]
2018/08/09 02:17:57 Accepted connection &{ItzA4tfe9RwoGGU5mjCdYI2iMDqP02aPM4btv5t9Cr0JqvviwrfbKnQVFWJiPTJVe6Q3kn7HeBVsQWQXEEzbOfXsbocYUd8GEIY7PifmwmgPdDfyW6GSsxkLXvA9J48nAwmpqGywJTGxeqJnCiCBudqJl5CHZ9fdAGCvt-V~6MYarvtz8fUJWh2YpSR6gAjZIdUX75DjGPERnGV5HcOpaScBE~CXNcgq6l3G1Skznw8Z4SNdhidHBOi1WSlZMHUvkqtMp4KhUiiTKs~iNJf-1MP3jya4gLN1eIKbsQXJcdmBENHGVTuQns151wWXy4a87Ozghwfrbmldo-1hCdd1bliwm02DY9hUOqK4X7WmxeMvaprijFPQDGRelAnhCsYzfVsUnsDCdr2q~3Mq4yFMTZyoC-pJgvq1rcoZ4fFongTSAlmUYDsMe0qL306VNexgw0r37rtIK~jLiyXTGAFFP10QfXKUSxDxokGuT5m7QTXyryaoSCuJx~uPCZBAluGLAAAA vhLFs5yKQ8CVLYjoFR0N0Y8eUxdQWBRMouONAEJgM6ZKx0VEVdnxnat1MjFofsLnLq1b35NNBFpCWbO7Cbo6Acpo4jKEvB0MNV2A-oilji0pi6GwzIZtW1YdoNlB89ZFZaFPQ4l6FUVi6TE~1q9YP~pxjEb2HAIQKniq7luz1iSLUc~G5QTR~PWrgrmGMvtdm5e5Ar8T4T99qp9JlLzkqAIxLid8PK8Nch1SKVV5hU5ea~-odguLOFXXRyG1fTP58EEYfDAVwWyOVHZa9MntiGstw9EPctt2TIftql7Z5m0ankMdFMq0wQE61lOZvn4mUmD2GBOAEk7tCRfoeFCSJ5kkaZcw~y2ePrGC15qqUVsaz3HxmITFbdHWFoI96s58WPN79tER60sySLltbezqHbHZ1wRF86J9E-AjN0dY13EAmEXWasABCZt5WRQdRpN9OwSnFWq4LEGPjJP4Js8FSSc~Z7D8k9swjlwjk9IWGgI~rqX3udZZ8O2W0BLajpwsAAAA 0xc420126030}
2018/08/09 02:17:57 Connected to localhost &{ItzA4tfe9RwoGGU5mjCdYI2iMDqP02aPM4btv5t9Cr0JqvviwrfbKnQVFWJiPTJVe6Q3kn7HeBVsQWQXEEzbOfXsbocYUd8GEIY7PifmwmgPdDfyW6GSsxkLXvA9J48nAwmpqGywJTGxeqJnCiCBudqJl5CHZ9fdAGCvt-V~6MYarvtz8fUJWh2YpSR6gAjZIdUX75DjGPERnGV5HcOpaScBE~CXNcgq6l3G1Skznw8Z4SNdhidHBOi1WSlZMHUvkqtMp4KhUiiTKs~iNJf-1MP3jya4gLN1eIKbsQXJcdmBENHGVTuQns151wWXy4a87Ozghwfrbmldo-1hCdd1bliwm02DY9hUOqK4X7WmxeMvaprijFPQDGRelAnhCsYzfVsUnsDCdr2q~3Mq4yFMTZyoC-pJgvq1rcoZ4fFongTSAlmUYDsMe0qL306VNexgw0r37rtIK~jLiyXTGAFFP10QfXKUSxDxokGuT5m7QTXyryaoSCuJx~uPCZBAluGLAAAA vhLFs5yKQ8CVLYjoFR0N0Y8eUxdQWBRMouONAEJgM6ZKx0VEVdnxnat1MjFofsLnLq1b35NNBFpCWbO7Cbo6Acpo4jKEvB0MNV2A-oilji0pi6GwzIZtW1YdoNlB89ZFZaFPQ4l6FUVi6TE~1q9YP~pxjEb2HAIQKniq7luz1iSLUc~G5QTR~PWrgrmGMvtdm5e5Ar8T4T99qp9JlLzkqAIxLid8PK8Nch1SKVV5hU5ea~-odguLOFXXRyG1fTP58EEYfDAVwWyOVHZa9MntiGstw9EPctt2TIftql7Z5m0ankMdFMq0wQE61lOZvn4mUmD2GBOAEk7tCRfoeFCSJ5kkaZcw~y2ePrGC15qqUVsaz3HxmITFbdHWFoI96s58WPN79tER60sySLltbezqHbHZ1wRF86J9E-AjN0dY13EAmEXWasABCZt5WRQdRpN9OwSnFWq4LEGPjJP4Js8FSSc~Z7D8k9swjlwjk9IWGgI~rqX3udZZ8O2W0BLajpwsAAAA 0xc420126030}
2018/08/09 02:17:57 the echo service is responding to a request on: tfsqszbqotdy4tm336nwxwl2oqcdi56ewtoesjdsfd6tmjaafr6q.b32.i2p
2018/08/09 02:17:57 User-Agent [MYOB/6.66 (AN/ON)]
2018/08/09 02:17:57 Accept [text/html,application/xhtml+xml,application/xml;q=0.9,*/*;q=0.8]
2018/08/09 02:17:57 Accept-Encoding [gzip, deflate]
2018/08/09 02:17:57 Connection [keep-alive]
2018/08/09 02:17:57 Upgrade-Insecure-Requests [1]
2018/08/09 02:18:39 the echo service is responding to a request on: tfsqszbqotdy4tm336nwxwl2oqcdi56ewtoesjdsfd6tmjaafr6q.b32.i2p
2018/08/09 02:18:39 Accept-Encoding [gzip, deflate]
2018/08/09 02:18:39 Connection [keep-alive]
2018/08/09 02:18:39 User-Agent [MYOB/6.66 (AN/ON)]
2018/08/09 02:18:39 Accept [*/*]
2018/08/09 02:18:44 the echo service is responding to a request on: tfsqszbqotdy4tm336nwxwl2oqcdi56ewtoesjdsfd6tmjaafr6q.b32.i2p
2018/08/09 02:18:44 User-Agent [MYOB/6.66 (AN/ON)]
2018/08/09 02:18:44 Accept [text/html,application/xhtml+xml,application/xml;q=0.9,*/*;q=0.8]
2018/08/09 02:18:44 Accept-Encoding [gzip, deflate]
2018/08/09 02:18:44 Connection [keep-alive]
2018/08/09 02:19:09 the echo service is responding to a request on: tfsqszbqotdy4tm336nwxwl2oqcdi56ewtoesjdsfd6tmjaafr6q.b32.i2p
2018/08/09 02:19:09 Accept-Encoding [gzip, deflate]
2018/08/09 02:19:09 Cache-Control [max-age=0]
2018/08/09 02:19:09 Connection [keep-alive]
2018/08/09 02:19:09 Upgrade-Insecure-Requests [1]
2018/08/09 02:19:09 User-Agent [MYOB/6.66 (AN/ON)]
2018/08/09 02:19:09 Accept [text/html,application/xhtml+xml,application/xml;q=0.9,*/*;q=0.8]
2018/08/09 02:24:44 Accepted connection &{ItzA4tfe9RwoGGU5mjCdYI2iMDqP02aPM4btv5t9Cr0JqvviwrfbKnQVFWJiPTJVe6Q3kn7HeBVsQWQXEEzbOfXsbocYUd8GEIY7PifmwmgPdDfyW6GSsxkLXvA9J48nAwmpqGywJTGxeqJnCiCBudqJl5CHZ9fdAGCvt-V~6MYarvtz8fUJWh2YpSR6gAjZIdUX75DjGPERnGV5HcOpaScBE~CXNcgq6l3G1Skznw8Z4SNdhidHBOi1WSlZMHUvkqtMp4KhUiiTKs~iNJf-1MP3jya4gLN1eIKbsQXJcdmBENHGVTuQns151wWXy4a87Ozghwfrbmldo-1hCdd1bliwm02DY9hUOqK4X7WmxeMvaprijFPQDGRelAnhCsYzfVsUnsDCdr2q~3Mq4yFMTZyoC-pJgvq1rcoZ4fFongTSAlmUYDsMe0qL306VNexgw0r37rtIK~jLiyXTGAFFP10QfXKUSxDxokGuT5m7QTXyryaoSCuJx~uPCZBAluGLAAAA zXV-SQqCBTirulQMKM3pLwLzIh-o8GbwFGv8ueSy9TV39cjf8oUyhXXc0NqWYhCndx~8iHW429ahZYXnOryepMVFjIF6v-2FmSmElIL~7yQrRZ9EN7NqnYJ2yecUfGqaAfnrWnJp7kxock56sE90u2yfw4JPN99IST0eunMHrz4h1us3Q3XJvpjRE-lLOyW5hMsA4P9Bm~NtYibH-uDHFYSMCIDPNN9N0ULcXDXJtkSdw9KBL10exFG2WiF2R-QQ30z6hK48365xd4MStDUzKYjwSdCZ-gGDNZdTWbL0hVgy7LkQ9X9lBPaKKeTaJkxvbPzh7PASqWBZzepeLpiPUg1UTS9kQr-XIUsRHZMY6EdYTAd2k-WSl4iI2JobSSBtIRvTY1S-J-i8Ics8kBb5D6-kp8qvWmbet2xmolmv9J6NLA5wWSCH2GPe2r8NjsJ41CLOZX1gWjkoiFUIjVW2Ca4vQP9XRKs~rn5yQRVIbAdY8QDCBqxTaOVTpJRGU5HrAAAA 0xc4201e8048}
2018/08/09 02:24:44 Connected to localhost &{ItzA4tfe9RwoGGU5mjCdYI2iMDqP02aPM4btv5t9Cr0JqvviwrfbKnQVFWJiPTJVe6Q3kn7HeBVsQWQXEEzbOfXsbocYUd8GEIY7PifmwmgPdDfyW6GSsxkLXvA9J48nAwmpqGywJTGxeqJnCiCBudqJl5CHZ9fdAGCvt-V~6MYarvtz8fUJWh2YpSR6gAjZIdUX75DjGPERnGV5HcOpaScBE~CXNcgq6l3G1Skznw8Z4SNdhidHBOi1WSlZMHUvkqtMp4KhUiiTKs~iNJf-1MP3jya4gLN1eIKbsQXJcdmBENHGVTuQns151wWXy4a87Ozghwfrbmldo-1hCdd1bliwm02DY9hUOqK4X7WmxeMvaprijFPQDGRelAnhCsYzfVsUnsDCdr2q~3Mq4yFMTZyoC-pJgvq1rcoZ4fFongTSAlmUYDsMe0qL306VNexgw0r37rtIK~jLiyXTGAFFP10QfXKUSxDxokGuT5m7QTXyryaoSCuJx~uPCZBAluGLAAAA zXV-SQqCBTirulQMKM3pLwLzIh-o8GbwFGv8ueSy9TV39cjf8oUyhXXc0NqWYhCndx~8iHW429ahZYXnOryepMVFjIF6v-2FmSmElIL~7yQrRZ9EN7NqnYJ2yecUfGqaAfnrWnJp7kxock56sE90u2yfw4JPN99IST0eunMHrz4h1us3Q3XJvpjRE-lLOyW5hMsA4P9Bm~NtYibH-uDHFYSMCIDPNN9N0ULcXDXJtkSdw9KBL10exFG2WiF2R-QQ30z6hK48365xd4MStDUzKYjwSdCZ-gGDNZdTWbL0hVgy7LkQ9X9lBPaKKeTaJkxvbPzh7PASqWBZzepeLpiPUg1UTS9kQr-XIUsRHZMY6EdYTAd2k-WSl4iI2JobSSBtIRvTY1S-J-i8Ics8kBb5D6-kp8qvWmbet2xmolmv9J6NLA5wWSCH2GPe2r8NjsJ41CLOZX1gWjkoiFUIjVW2Ca4vQP9XRKs~rn5yQRVIbAdY8QDCBqxTaOVTpJRGU5HrAAAA 0xc4201e8048}
2018/08/09 02:24:46 the echo service is responding to a request on: tfsqszbqotdy4tm336nwxwl2oqcdi56ewtoesjdsfd6tmjaafr6q.b32.i2p
2018/08/09 02:24:46 Upgrade-Insecure-Requests [1]
2018/08/09 02:24:46 User-Agent [MYOB/6.66 (AN/ON)]
2018/08/09 02:24:46 Accept [text/html,application/xhtml+xml,application/xml;q=0.9,*/*;q=0.8]
2018/08/09 02:24:46 Accept-Encoding [gzip, deflate]
2018/08/09 02:24:46 Connection [keep-alive]
2018/08/09 02:26:20 the echo service is responding to a request on: tfsqszbqotdy4tm336nwxwl2oqcdi56ewtoesjdsfd6tmjaafr6q.b32.i2p
2018/08/09 02:26:20 User-Agent [MYOB/6.66 (AN/ON)]
2018/08/09 02:26:20 Accept [*/*]
2018/08/09 02:26:20 Accept-Encoding [gzip, deflate]
2018/08/09 02:26:20 Connection [keep-alive]
2018/08/09 02:26:23 the echo service is responding to a request on: tfsqszbqotdy4tm336nwxwl2oqcdi56ewtoesjdsfd6tmjaafr6q.b32.i2p
2018/08/09 02:26:23 Connection [keep-alive]
2018/08/09 02:26:23 User-Agent [MYOB/6.66 (AN/ON)]
2018/08/09 02:26:23 Accept [text/html,application/xhtml+xml,application/xml;q=0.9,*/*;q=0.8]
2018/08/09 02:26:23 Accept-Encoding [gzip, deflate]
